emb-cpp-template
Build date: 2025-09-29 18:17:20

Building started...!
Building Firmware...!
arm-none-eabi-g++ -c -mcpu=cortex-m4 -mthumb -std=gnu++20 -g -Wall -Werror -Wpedantic -Wno-unused-variable -Wno-unused-function -Wno-unused-parameter -Wno-missing-field-initializers -fno-exceptions -fno-unwind-tables -fno-asynchronous-unwind-tables -Iinc -Iinc/stm32f334r8 -I../../inc/generic/ -I../../inc/autosar/  src/gpio.cpp -o ../../build/obj/gpio.o
Building Firmware...!
arm-none-eabi-g++ -c -mcpu=cortex-m4 -mthumb -std=gnu++20 -g -Wall -Werror -Wpedantic -Wno-unused-variable -Wno-unused-function -Wno-unused-parameter -Wno-missing-field-initializers -fno-exceptions -fno-unwind-tables -fno-asynchronous-unwind-tables -Iinc -Iinc/stm32f334r8 -I../../inc/generic/ -I../../inc/autosar/  src/rcc.cpp -o ../../build/obj/rcc.o

Building Basic Software...!
make[3]: Nothing to be done for `all'.
make[3]: Nothing to be done for `all'.
make[3]: Nothing to be done for `all'.
make[3]: Nothing to be done for `all'.
make[3]: Nothing to be done for `all'.

Building Application Software Modules...!
make[3]: Nothing to be done for `all'.

Building System initilization code...!
arm-none-eabi-g++ -c -mcpu=cortex-m4 -mthumb -std=gnu++20 -g -Wall -Werror -Wpedantic -Wno-unused-variable -Wno-unused-function -Wno-unused-parameter -Wno-missing-field-initializers -fno-exceptions -fno-unwind-tables -fno-asynchronous-unwind-tables -Iinc -I../../inc/generic/ -I../../inc/autosar/ -I../fw/inc/ -I../fw/inc/stm32f334r8/  main/main.cpp -o ../../build/obj/main.o
arm-none-eabi-g++ -c -mcpu=cortex-m4 -mthumb -std=gnu++20 -g -Wall -Werror -Wpedantic -Wno-unused-variable -Wno-unused-function -Wno-unused-parameter -Wno-missing-field-initializers -fno-exceptions -fno-unwind-tables -fno-asynchronous-unwind-tables -Iinc -I../../inc/generic/ -I../../inc/autosar/ -I../fw/inc/ -I../fw/inc/stm32f334r8/  startup/Stm32f334r8_Startup.cpp -o ../../build/obj/Stm32f334r8_Startup.o

Linking ...!
arm-none-eabi-g++ -mcpu=cortex-m4 -mthumb -I../inc/autosar -I../inc/generic -I../src/fw/inc/ -I../src/fw/inc/stm32f334r8  -nostdlib -T ../src/init/linker/Stm32f334r8_Ls.ld -Wl,-Map=bin/emb-cpp-template.map obj/*.o -o bin/emb-cpp-template
Linking done!!!

Generating binary ...! 
arm-none-eabi-objcopy -O binary bin/emb-cpp-template bin/emb-cpp-template.bin
Binary generated!!!

Analyzing .elf ...!
arm-none-eabi-objdump -h bin/emb-cpp-template

bin/emb-cpp-template:     file format elf32-littlearm

Sections:
Idx Name          Size      VMA       LMA       File off  Algn
  0 .isr_vector_table 00000188  08000000  08000000  00001000  2**8
                  CONTENTS, ALLOC, LOAD, READONLY, DATA
  1 .text         00000188  08000188  08000188  00001188  2**2
                  CONTENTS, ALLOC, LOAD, READONLY, CODE
  2 .data         00000000  20000000  08000310  00002000  2**0
                  CONTENTS, ALLOC, LOAD, DATA
  3 .noinit       00000000  20000000  08000310  00000000  2**0
                  ALLOC
  4 .bss          00000000  20000000  08000310  00002000  2**0
                  ALLOC
  5 ._heap_stack  00000600  20000000  08000310  00002000  2**0
                  ALLOC
  6 .debug_info   000008a9  00000000  00000000  00002000  2**0
                  CONTENTS, READONLY, DEBUGGING, OCTETS
  7 .debug_abbrev 00000558  00000000  00000000  000028a9  2**0
                  CONTENTS, READONLY, DEBUGGING, OCTETS
  8 .debug_aranges 00000088  00000000  00000000  00002e01  2**0
                  CONTENTS, READONLY, DEBUGGING, OCTETS
  9 .debug_line   0000028e  00000000  00000000  00002e89  2**0
                  CONTENTS, READONLY, DEBUGGING, OCTETS
 10 .debug_str    0000036f  00000000  00000000  00003117  2**0
                  CONTENTS, READONLY, DEBUGGING, OCTETS
 11 .comment      00000045  00000000  00000000  00003486  2**0
                  CONTENTS, READONLY
 12 .ARM.attributes 0000002e  00000000  00000000  000034cb  2**0
                  CONTENTS, READONLY
 13 .debug_frame  00000180  00000000  00000000  000034fc  2**2
                  CONTENTS, READONLY, DEBUGGING, OCTETS
 14 .debug_rnglists 00000019  00000000  00000000  0000367c  2**0
                  CONTENTS, READONLY, DEBUGGING, OCTETS
Analysis done!!!

arm-none-eabi-size bin/emb-cpp-template
   text	   data	    bss	    dec	    hex	filename
    784	      0	   1536	   2320	    910	bin/emb-cpp-template

Building time: 
